/*C2*/SET SCHEMA PUBLIC
INSERT INTO PRODUTO VALUES(1,'Notebook',2000.0E0)
COMMIT
DISCONNECT
/*C4*/SET SCHEMA PUBLIC
DELETE FROM PRODUTO WHERE CODIGO=1
COMMIT
DISCONNECT
/*C5*/SET SCHEMA PUBLIC
INSERT INTO PRODUTO VALUES(1,'Notebook',2000.0E0)
COMMIT
DISCONNECT
/*C6*/SET SCHEMA PUBLIC
INSERT INTO PRODUTO VALUES(2,'Caderno',20.0E0)
COMMIT
DISCONNECT
/*C7*/SET SCHEMA PUBLIC
INSERT INTO PRODUTO VALUES(3,'Caneta',3.0E0)
COMMIT
DISCONNECT
/*C8*/SET SCHEMA PUBLIC
INSERT INTO PRODUTO VALUES(4,'Borracha',0.5E0)
COMMIT
DISCONNECT
/*C9*/SET SCHEMA PUBLIC
INSERT INTO PRODUTO VALUES(5,'Lapis',1.0E0)
COMMIT
DISCONNECT
/*C10*/SET SCHEMA PUBLIC
INSERT INTO PRODUTO VALUES(6,'Espelho',20.0E0)
COMMIT
DISCONNECT
/*C3*/SET SCHEMA PUBLIC
DISCONNECT
/*C11*/SET SCHEMA PUBLIC
DISCONNECT
/*C12*/SET SCHEMA PUBLIC
DISCONNECT
/*C13*/SET SCHEMA PUBLIC
DISCONNECT
/*C14*/SET SCHEMA PUBLIC
DISCONNECT
/*C15*/SET SCHEMA PUBLIC
DISCONNECT
/*C16*/SET SCHEMA PUBLIC
DISCONNECT
/*C17*/SET SCHEMA PUBLIC
DISCONNECT
/*C18*/SET SCHEMA PUBLIC
DISCONNECT
/*C19*/SET SCHEMA PUBLIC
DISCONNECT
/*C20*/SET SCHEMA PUBLIC
DELETE FROM PRODUTO WHERE CODIGO=1
INSERT INTO PRODUTO VALUES(1,'Notebook_editado',200.0E0)
COMMIT
DISCONNECT
/*C22*/SET SCHEMA PUBLIC
DISCONNECT
/*C23*/SET SCHEMA PUBLIC
DISCONNECT
/*C24*/SET SCHEMA PUBLIC
DISCONNECT
/*C25*/SET SCHEMA PUBLIC
DISCONNECT
